1549308756.360168 client started (7660): version 2.6, socket /tmp/tmux-1000/default, protocol 8
1549308756.360211 on Linux 4.15.0-45-generic #48-Ubuntu SMP Tue Jan 29 16:28:13 UTC 2019; libevent 2.1.8-stable (poll)
1549308756.360242 socket is /tmp/tmux-1000/default
1549308756.360259 trying connect
1549308756.360366 add peer 0x556702ed8250: 6 ((nil))
1549308756.360456 sending message 100 to peer 0x556702ed8250 (4 bytes)
1549308756.360469 sending message 101 to peer 0x556702ed8250 (16 bytes)
1549308756.360477 sending message 102 to peer 0x556702ed8250 (11 bytes)
1549308756.360484 sending message 108 to peer 0x556702ed8250 (49 bytes)
1549308756.360492 sending message 104 to peer 0x556702ed8250 (0 bytes)
1549308756.360500 sending message 107 to peer 0x556702ed8250 (4 bytes)
1549308756.360508 sending message 105 to peer 0x556702ed8250 (22 bytes)
1549308756.360515 sending message 105 to peer 0x556702ed8250 (23 bytes)
1549308756.360522 sending message 105 to peer 0x556702ed8250 (1516 bytes)
1549308756.360545 sending message 105 to peer 0x556702ed8250 (54 bytes)
1549308756.360553 sending message 105 to peer 0x556702ed8250 (34 bytes)
1549308756.360560 sending message 105 to peer 0x556702ed8250 (23 bytes)
1549308756.360567 sending message 105 to peer 0x556702ed8250 (17 bytes)
1549308756.360574 sending message 105 to peer 0x556702ed8250 (11 bytes)
1549308756.360581 sending message 105 to peer 0x556702ed8250 (17 bytes)
1549308756.360587 sending message 105 to peer 0x556702ed8250 (56 bytes)
1549308756.360594 sending message 105 to peer 0x556702ed8250 (58 bytes)
1549308756.360601 sending message 105 to peer 0x556702ed8250 (52 bytes)
1549308756.360608 sending message 105 to peer 0x556702ed8250 (103 bytes)
1549308756.360616 sending message 105 to peer 0x556702ed8250 (20 bytes)
1549308756.360623 sending message 105 to peer 0x556702ed8250 (14 bytes)
1549308756.360629 sending message 105 to peer 0x556702ed8250 (13 bytes)
1549308756.360636 sending message 105 to peer 0x556702ed8250 (37 bytes)
1549308756.360643 sending message 105 to peer 0x556702ed8250 (56 bytes)
1549308756.360651 sending message 105 to peer 0x556702ed8250 (36 bytes)
1549308756.360658 sending message 105 to peer 0x556702ed8250 (11 bytes)
1549308756.360665 sending message 105 to peer 0x556702ed8250 (41 bytes)
1549308756.360672 sending message 105 to peer 0x556702ed8250 (56 bytes)
1549308756.360679 sending message 105 to peer 0x556702ed8250 (17 bytes)
1549308756.360686 sending message 105 to peer 0x556702ed8250 (41 bytes)
1549308756.360693 sending message 105 to peer 0x556702ed8250 (9 bytes)
1549308756.360700 sending message 105 to peer 0x556702ed8250 (27 bytes)
1549308756.360707 sending message 105 to peer 0x556702ed8250 (18 bytes)
1549308756.360714 sending message 105 to peer 0x556702ed8250 (33 bytes)
1549308756.360721 sending message 105 to peer 0x556702ed8250 (86 bytes)
1549308756.360728 sending message 105 to peer 0x556702ed8250 (56 bytes)
1549308756.360735 sending message 105 to peer 0x556702ed8250 (64 bytes)
1549308756.360742 sending message 105 to peer 0x556702ed8250 (53 bytes)
1549308756.360749 sending message 105 to peer 0x556702ed8250 (15 bytes)
1549308756.360756 sending message 105 to peer 0x556702ed8250 (21 bytes)
1549308756.360763 sending message 105 to peer 0x556702ed8250 (39 bytes)
1549308756.360771 sending message 105 to peer 0x556702ed8250 (19 bytes)
1549308756.360778 sending message 105 to peer 0x556702ed8250 (56 bytes)
1549308756.360785 sending message 105 to peer 0x556702ed8250 (19 bytes)
1549308756.360792 sending message 105 to peer 0x556702ed8250 (36 bytes)
1549308756.360799 sending message 105 to peer 0x556702ed8250 (21 bytes)
1549308756.360806 sending message 105 to peer 0x556702ed8250 (87 bytes)
1549308756.360813 sending message 105 to peer 0x556702ed8250 (31 bytes)
1549308756.360820 sending message 105 to peer 0x556702ed8250 (54 bytes)
1549308756.360828 sending message 105 to peer 0x556702ed8250 (56 bytes)
1549308756.360835 sending message 105 to peer 0x556702ed8250 (52 bytes)
1549308756.360842 sending message 105 to peer 0x556702ed8250 (24 bytes)
1549308756.360848 sending message 105 to peer 0x556702ed8250 (58 bytes)
1549308756.360866 sending message 105 to peer 0x556702ed8250 (54 bytes)
1549308756.360873 sending message 105 to peer 0x556702ed8250 (28 bytes)
1549308756.360880 sending message 105 to peer 0x556702ed8250 (13 bytes)
1549308756.360887 sending message 105 to peer 0x556702ed8250 (17 bytes)
1549308756.360894 sending message 105 to peer 0x556702ed8250 (21 bytes)
1549308756.360901 sending message 105 to peer 0x556702ed8250 (16 bytes)
1549308756.360908 sending message 105 to peer 0x556702ed8250 (17 bytes)
1549308756.360914 sending message 105 to peer 0x556702ed8250 (20 bytes)
1549308756.360921 sending message 105 to peer 0x556702ed8250 (18 bytes)
1549308756.360928 sending message 105 to peer 0x556702ed8250 (49 bytes)
1549308756.360935 sending message 105 to peer 0x556702ed8250 (26 bytes)
1549308756.360942 sending message 105 to peer 0x556702ed8250 (52 bytes)
1549308756.360949 sending message 105 to peer 0x556702ed8250 (56 bytes)
1549308756.360956 sending message 105 to peer 0x556702ed8250 (30 bytes)
1549308756.360963 sending message 105 to peer 0x556702ed8250 (13 bytes)
1549308756.360970 sending message 105 to peer 0x556702ed8250 (15 bytes)
1549308756.360977 sending message 105 to peer 0x556702ed8250 (8 bytes)
1549308756.360984 sending message 105 to peer 0x556702ed8250 (52 bytes)
1549308756.360991 sending message 105 to peer 0x556702ed8250 (22 bytes)
1549308756.360998 sending message 105 to peer 0x556702ed8250 (44 bytes)
1549308756.361005 sending message 105 to peer 0x556702ed8250 (12 bytes)
1549308756.361012 sending message 105 to peer 0x556702ed8250 (54 bytes)
1549308756.361018 sending message 105 to peer 0x556702ed8250 (31 bytes)
1549308756.361025 sending message 105 to peer 0x556702ed8250 (41 bytes)
1549308756.361032 sending message 105 to peer 0x556702ed8250 (64 bytes)
1549308756.361043 sending message 105 to peer 0x556702ed8250 (49 bytes)
1549308756.361050 sending message 105 to peer 0x556702ed8250 (400 bytes)
1549308756.361057 sending message 105 to peer 0x556702ed8250 (52 bytes)
1549308756.361064 sending message 105 to peer 0x556702ed8250 (52 bytes)
1549308756.361070 sending message 105 to peer 0x556702ed8250 (54 bytes)
1549308756.361077 sending message 105 to peer 0x556702ed8250 (52 bytes)
1549308756.361084 sending message 105 to peer 0x556702ed8250 (33 bytes)
1549308756.361091 sending message 105 to peer 0x556702ed8250 (58 bytes)
1549308756.361097 sending message 105 to peer 0x556702ed8250 (52 bytes)
1549308756.361104 sending message 105 to peer 0x556702ed8250 (76 bytes)
1549308756.361111 sending message 105 to peer 0x556702ed8250 (52 bytes)
1549308756.361117 sending message 105 to peer 0x556702ed8250 (32 bytes)
1549308756.361124 sending message 105 to peer 0x556702ed8250 (19 bytes)
1549308756.361131 sending message 105 to peer 0x556702ed8250 (16 bytes)
1549308756.361138 sending message 105 to peer 0x556702ed8250 (16 bytes)
1549308756.361145 sending message 106 to peer 0x556702ed8250 (0 bytes)
1549308756.361152 sending message 200 to peer 0x556702ed8250 (4 bytes)
1549308756.361159 client loop enter
1549308756.361985 peer 0x556702ed8250 message 211
1549308756.362031 peer 0x556702ed8250 message 203
1549308756.362048 client loop exit
