1549308771.737816 client started (7674): version 2.6, socket /tmp/tmux-1000/default, protocol 8
1549308771.737869 on Linux 4.15.0-45-generic #48-Ubuntu SMP Tue Jan 29 16:28:13 UTC 2019; libevent 2.1.8-stable (poll)
1549308771.737903 socket is /tmp/tmux-1000/default
1549308771.737923 trying connect
1549308771.737953 connect failed: Connection refused
1549308771.737971 lock file is /tmp/tmux-1000/default.lock
1549308771.738026 flock succeeded
1549308771.738035 got lock (6)
1549308771.738047 trying connect
1549308771.738062 connect failed: Connection refused
1549308771.738421 add peer 0x5596f0e8d2b0: 7 ((nil))
1549308771.738607 sending message 100 to peer 0x5596f0e8d2b0 (4 bytes)
1549308771.738624 sending message 101 to peer 0x5596f0e8d2b0 (15 bytes)
1549308771.738634 sending message 102 to peer 0x5596f0e8d2b0 (11 bytes)
1549308771.738642 sending message 108 to peer 0x5596f0e8d2b0 (49 bytes)
1549308771.738653 sending message 104 to peer 0x5596f0e8d2b0 (0 bytes)
1549308771.738663 sending message 107 to peer 0x5596f0e8d2b0 (4 bytes)
1549308771.738678 sending message 105 to peer 0x5596f0e8d2b0 (22 bytes)
1549308771.738688 sending message 105 to peer 0x5596f0e8d2b0 (23 bytes)
1549308771.738698 sending message 105 to peer 0x5596f0e8d2b0 (1516 bytes)
1549308771.738745 sending message 105 to peer 0x5596f0e8d2b0 (54 bytes)
1549308771.738755 sending message 105 to peer 0x5596f0e8d2b0 (34 bytes)
1549308771.738764 sending message 105 to peer 0x5596f0e8d2b0 (23 bytes)
1549308771.738773 sending message 105 to peer 0x5596f0e8d2b0 (17 bytes)
1549308771.738782 sending message 105 to peer 0x5596f0e8d2b0 (11 bytes)
1549308771.738790 sending message 105 to peer 0x5596f0e8d2b0 (56 bytes)
1549308771.738799 sending message 105 to peer 0x5596f0e8d2b0 (58 bytes)
1549308771.738807 sending message 105 to peer 0x5596f0e8d2b0 (52 bytes)
1549308771.738815 sending message 105 to peer 0x5596f0e8d2b0 (20 bytes)
1549308771.738824 sending message 105 to peer 0x5596f0e8d2b0 (14 bytes)
1549308771.738832 sending message 105 to peer 0x5596f0e8d2b0 (13 bytes)
1549308771.738840 sending message 105 to peer 0x5596f0e8d2b0 (37 bytes)
1549308771.738849 sending message 105 to peer 0x5596f0e8d2b0 (56 bytes)
1549308771.738858 sending message 105 to peer 0x5596f0e8d2b0 (36 bytes)
1549308771.738866 sending message 105 to peer 0x5596f0e8d2b0 (11 bytes)
1549308771.738875 sending message 105 to peer 0x5596f0e8d2b0 (41 bytes)
1549308771.738884 sending message 105 to peer 0x5596f0e8d2b0 (56 bytes)
1549308771.738893 sending message 105 to peer 0x5596f0e8d2b0 (17 bytes)
1549308771.738901 sending message 105 to peer 0x5596f0e8d2b0 (41 bytes)
1549308771.738910 sending message 105 to peer 0x5596f0e8d2b0 (9 bytes)
1549308771.738919 sending message 105 to peer 0x5596f0e8d2b0 (27 bytes)
1549308771.738927 sending message 105 to peer 0x5596f0e8d2b0 (18 bytes)
1549308771.738935 sending message 105 to peer 0x5596f0e8d2b0 (33 bytes)
1549308771.738944 sending message 105 to peer 0x5596f0e8d2b0 (86 bytes)
1549308771.738953 sending message 105 to peer 0x5596f0e8d2b0 (56 bytes)
1549308771.738962 sending message 105 to peer 0x5596f0e8d2b0 (64 bytes)
1549308771.738970 sending message 105 to peer 0x5596f0e8d2b0 (53 bytes)
1549308771.738979 sending message 105 to peer 0x5596f0e8d2b0 (15 bytes)
1549308771.738988 sending message 105 to peer 0x5596f0e8d2b0 (21 bytes)
1549308771.738997 sending message 105 to peer 0x5596f0e8d2b0 (39 bytes)
1549308771.739006 sending message 105 to peer 0x5596f0e8d2b0 (19 bytes)
1549308771.739015 sending message 105 to peer 0x5596f0e8d2b0 (56 bytes)
1549308771.739024 sending message 105 to peer 0x5596f0e8d2b0 (19 bytes)
1549308771.739032 sending message 105 to peer 0x5596f0e8d2b0 (21 bytes)
1549308771.739040 sending message 105 to peer 0x5596f0e8d2b0 (87 bytes)
1549308771.739050 sending message 105 to peer 0x5596f0e8d2b0 (31 bytes)
1549308771.739058 sending message 105 to peer 0x5596f0e8d2b0 (54 bytes)
1549308771.739067 sending message 105 to peer 0x5596f0e8d2b0 (56 bytes)
1549308771.739075 sending message 105 to peer 0x5596f0e8d2b0 (52 bytes)
1549308771.739084 sending message 105 to peer 0x5596f0e8d2b0 (24 bytes)
1549308771.739106 sending message 105 to peer 0x5596f0e8d2b0 (58 bytes)
1549308771.739116 sending message 105 to peer 0x5596f0e8d2b0 (54 bytes)
1549308771.739124 sending message 105 to peer 0x5596f0e8d2b0 (28 bytes)
1549308771.739134 sending message 105 to peer 0x5596f0e8d2b0 (13 bytes)
1549308771.739143 sending message 105 to peer 0x5596f0e8d2b0 (20 bytes)
1549308771.739152 sending message 105 to peer 0x5596f0e8d2b0 (16 bytes)
1549308771.739160 sending message 105 to peer 0x5596f0e8d2b0 (17 bytes)
1549308771.739169 sending message 105 to peer 0x5596f0e8d2b0 (17 bytes)
1549308771.739178 sending message 105 to peer 0x5596f0e8d2b0 (20 bytes)
1549308771.739186 sending message 105 to peer 0x5596f0e8d2b0 (18 bytes)
1549308771.739194 sending message 105 to peer 0x5596f0e8d2b0 (49 bytes)
1549308771.739203 sending message 105 to peer 0x5596f0e8d2b0 (26 bytes)
1549308771.739212 sending message 105 to peer 0x5596f0e8d2b0 (52 bytes)
1549308771.739221 sending message 105 to peer 0x5596f0e8d2b0 (56 bytes)
1549308771.739230 sending message 105 to peer 0x5596f0e8d2b0 (30 bytes)
1549308771.739238 sending message 105 to peer 0x5596f0e8d2b0 (15 bytes)
1549308771.739247 sending message 105 to peer 0x5596f0e8d2b0 (8 bytes)
1549308771.739256 sending message 105 to peer 0x5596f0e8d2b0 (52 bytes)
1549308771.739264 sending message 105 to peer 0x5596f0e8d2b0 (22 bytes)
1549308771.739273 sending message 105 to peer 0x5596f0e8d2b0 (44 bytes)
1549308771.739281 sending message 105 to peer 0x5596f0e8d2b0 (12 bytes)
1549308771.739289 sending message 105 to peer 0x5596f0e8d2b0 (54 bytes)
1549308771.739298 sending message 105 to peer 0x5596f0e8d2b0 (31 bytes)
1549308771.739307 sending message 105 to peer 0x5596f0e8d2b0 (41 bytes)
1549308771.739316 sending message 105 to peer 0x5596f0e8d2b0 (64 bytes)
1549308771.739324 sending message 105 to peer 0x5596f0e8d2b0 (49 bytes)
1549308771.739333 sending message 105 to peer 0x5596f0e8d2b0 (282 bytes)
1549308771.739342 sending message 105 to peer 0x5596f0e8d2b0 (52 bytes)
1549308771.739350 sending message 105 to peer 0x5596f0e8d2b0 (52 bytes)
1549308771.739358 sending message 105 to peer 0x5596f0e8d2b0 (52 bytes)
1549308771.739371 sending message 105 to peer 0x5596f0e8d2b0 (54 bytes)
1549308771.739379 sending message 105 to peer 0x5596f0e8d2b0 (33 bytes)
1549308771.739387 sending message 105 to peer 0x5596f0e8d2b0 (58 bytes)
1549308771.739396 sending message 105 to peer 0x5596f0e8d2b0 (52 bytes)
1549308771.739404 sending message 105 to peer 0x5596f0e8d2b0 (76 bytes)
1549308771.739412 sending message 105 to peer 0x5596f0e8d2b0 (52 bytes)
1549308771.739420 sending message 105 to peer 0x5596f0e8d2b0 (32 bytes)
1549308771.739429 sending message 105 to peer 0x5596f0e8d2b0 (19 bytes)
1549308771.739437 sending message 105 to peer 0x5596f0e8d2b0 (17 bytes)
1549308771.739445 sending message 105 to peer 0x5596f0e8d2b0 (16 bytes)
1549308771.739453 sending message 105 to peer 0x5596f0e8d2b0 (16 bytes)
1549308771.739462 sending message 106 to peer 0x5596f0e8d2b0 (0 bytes)
1549308771.739471 sending message 200 to peer 0x5596f0e8d2b0 (4 bytes)
1549308771.739479 client loop enter
1549308771.761542 peer 0x5596f0e8d2b0 message 207
1549308771.761557 sending message 208 to peer 0x5596f0e8d2b0 (0 bytes)
1549308782.789175 peer 0x5596f0e8d2b0 message 203
1549308782.789223 sending message 205 to peer 0x5596f0e8d2b0 (0 bytes)
1549308782.789882 peer 0x5596f0e8d2b0 message 204
1549308782.789904 client loop exit
